<?xml version="1.0" encoding="UTF-8"?>
<testng-results skipped="0" failed="1" ignored="2" total="3" passed="0">
  <reporter-output>
  </reporter-output>
  <suite name="Default suite" duration-ms="25156" started-at="2018-12-10T12:38:22Z" finished-at="2018-12-10T12:38:47Z">
    <groups>
      <group name="api.location.*">
        <method signature="LocationControllerTest.get_all_location_when__valid_company_arg()[pri:0, instance:com.gotracrat.managelocation.controller.LocationControllerTest@7eac9008]" name="get_all_location_when__valid_company_arg" class="com.gotracrat.managelocation.controller.LocationControllerTest"/>
      </group> <!-- api.location.* -->
    </groups>
    <test name="Default test" duration-ms="25156" started-at="2018-12-10T12:38:22Z" finished-at="2018-12-10T12:38:47Z">
      <class name="com.gotracrat.managelocation.controller.LocationControllerTest">
        <test-method status="PASS" signature="springTestContextBeforeTestClass()[pri:0, instance:com.gotracrat.managelocation.controller.LocationControllerTest@7eac9008]" name="springTestContextBeforeTestClass" is-config="true" duration-ms="16" started-at="2018-12-10T12:38:22Z" finished-at="2018-12-10T12:38:22Z">
          <reporter-output>
          </reporter-output>
        </test-method> <!-- springTestContextBeforeTestClass -->
        <test-method status="PASS" signature="springTestContextPrepareTestInstance()[pri:0, instance:com.gotracrat.managelocation.controller.LocationControllerTest@7eac9008]" name="springTestContextPrepareTestInstance" is-config="true" duration-ms="25097" started-at="2018-12-10T12:38:22Z" depends-on-methods="org.springframework.test.context.testng.AbstractTestNGSpringContextTests.springTestContextBeforeTestClass" finished-at="2018-12-10T12:38:47Z">
          <reporter-output>
          </reporter-output>
        </test-method> <!-- springTestContextPrepareTestInstance -->
        <test-method status="PASS" signature="springTestContextBeforeTestMethod(java.lang.reflect.Method)[pri:0, instance:com.gotracrat.managelocation.controller.LocationControllerTest@7eac9008]" name="springTestContextBeforeTestMethod" is-config="true" duration-ms="2" started-at="2018-12-10T12:38:47Z" finished-at="2018-12-10T12:38:47Z">
          <params>
            <param index="0">
              <value>
                <![CDATA[public void com.gotracrat.managelocation.controller.LocationControllerTest.get_all_location_when__valid_company_arg() throws java.lang.Exception]]>
              </value>
            </param>
          </params>
          <reporter-output>
          </reporter-output>
        </test-method> <!-- springTestContextBeforeTestMethod -->
        <test-method status="FAIL" signature="get_all_location_when__valid_company_arg()[pri:0, instance:com.gotracrat.managelocation.controller.LocationControllerTest@7eac9008]" name="get_all_location_when__valid_company_arg" duration-ms="14" started-at="2018-12-10T12:38:47Z" finished-at="2018-12-10T12:38:47Z">
          <exception class="java.lang.NullPointerException">
            <full-stacktrace>
              <![CDATA[java.lang.NullPointerException
at com.gotracrat.managelocation.controller.LocationControllerTest.get_all_location_when__valid_company_arg(LocationControllerTest.java:51)
at sun.reflect.NativeMethodAccessorImpl.invoke0(Native Method)
at sun.reflect.NativeMethodAccessorImpl.invoke(Unknown Source)
at sun.reflect.DelegatingMethodAccessorImpl.invoke(Unknown Source)
at java.lang.reflect.Method.invoke(Unknown Source)
at org.testng.internal.MethodInvocationHelper.invokeMethod(MethodInvocationHelper.java:124)
at org.testng.internal.MethodInvocationHelper$1.runTestMethod(MethodInvocationHelper.java:230)
at org.springframework.test.context.testng.AbstractTestNGSpringContextTests.run(AbstractTestNGSpringContextTests.java:175)
at org.testng.internal.MethodInvocationHelper.invokeHookable(MethodInvocationHelper.java:242)
at org.testng.internal.Invoker.invokeMethod(Invoker.java:579)
at org.testng.internal.Invoker.invokeTestMethod(Invoker.java:719)
at org.testng.internal.Invoker.invokeTestMethods(Invoker.java:989)
at org.testng.internal.TestMethodWorker.invokeTestMethods(TestMethodWorker.java:125)
at org.testng.internal.TestMethodWorker.run(TestMethodWorker.java:109)
at org.testng.TestRunner.privateRun(TestRunner.java:648)
at org.testng.TestRunner.run(TestRunner.java:505)
at org.testng.SuiteRunner.runTest(SuiteRunner.java:455)
at org.testng.SuiteRunner.runSequentially(SuiteRunner.java:450)
at org.testng.SuiteRunner.privateRun(SuiteRunner.java:415)
at org.testng.SuiteRunner.run(SuiteRunner.java:364)
at org.testng.SuiteRunnerWorker.runSuite(SuiteRunnerWorker.java:52)
at org.testng.SuiteRunnerWorker.run(SuiteRunnerWorker.java:84)
at org.testng.TestNG.runSuitesSequentially(TestNG.java:1208)
at org.testng.TestNG.runSuitesLocally(TestNG.java:1137)
at org.testng.TestNG.runSuites(TestNG.java:1049)
at org.testng.TestNG.run(TestNG.java:1017)
at org.testng.remote.AbstractRemoteTestNG.run(AbstractRemoteTestNG.java:114)
at org.testng.remote.RemoteTestNG.initAndRun(RemoteTestNG.java:251)
at org.testng.remote.RemoteTestNG.main(RemoteTestNG.java:77)
]]>
            </full-stacktrace>
          </exception> <!-- java.lang.NullPointerException -->
          <reporter-output>
          </reporter-output>
        </test-method> <!-- get_all_location_when__valid_company_arg -->
        <test-method status="PASS" signature="springTestContextAfterTestMethod(java.lang.reflect.Method)[pri:0, instance:com.gotracrat.managelocation.controller.LocationControllerTest@7eac9008]" name="springTestContextAfterTestMethod" is-config="true" duration-ms="0" started-at="2018-12-10T12:38:47Z" finished-at="2018-12-10T12:38:47Z">
          <params>
            <param index="0">
              <value>
                <![CDATA[public void com.gotracrat.managelocation.controller.LocationControllerTest.get_all_location_when__valid_company_arg() throws java.lang.Exception]]>
              </value>
            </param>
          </params>
          <reporter-output>
          </reporter-output>
        </test-method> <!-- springTestContextAfterTestMethod -->
        <test-method status="PASS" signature="springTestContextAfterTestClass()[pri:0, instance:com.gotracrat.managelocation.controller.LocationControllerTest@7eac9008]" name="springTestContextAfterTestClass" is-config="true" duration-ms="0" started-at="2018-12-10T12:38:47Z" finished-at="2018-12-10T12:38:47Z">
          <reporter-output>
          </reporter-output>
        </test-method> <!-- springTestContextAfterTestClass -->
      </class> <!-- com.gotracrat.managelocation.controller.LocationControllerTest -->
    </test> <!-- Default test -->
  </suite> <!-- Default suite -->
</testng-results>
